<?xml version="1.0" encoding="UTF-8"?>
<!-- Generated by org.testng.reporters.JUnitReportReporter -->
<testsuite name="com.test.LoginPageTest" tests="1" time="20.623" ignored="0" failures="0" timestamp="25 Sep 2018 06:12:22 GMT" skipped="0" hostname="DESKTOP-T4CRESM" errors="0">
  <testcase name="loginPageTestMethod1" time="20.623" classname="com.test.LoginPageTest"/>
</testsuite> <!-- com.test.LoginPageTest -->
