<?xml version="1.0" encoding="UTF-8"?>
<!-- Generated by org.testng.reporters.JUnitReportReporter -->
<testsuite name="com.test.Testcase1" tests="1" time="50.514" ignored="0" failures="0" timestamp="11 Oct 2018 13:09:26 GMT" skipped="0" hostname="DESKTOP-T4CRESM" errors="0">
  <testcase name="TestMethod1" time="50.514" classname="com.test.Testcase1"/>
</testsuite> <!-- com.test.Testcase1 -->
