<?xml version="1.0" encoding="UTF-8"?>
<!-- Generated by org.testng.reporters.JUnitReportReporter -->
<testsuite name="com.test.Testcase2" tests="1" time="66.807" ignored="0" failures="0" timestamp="12 Oct 2018 10:25:59 GMT" skipped="0" hostname="DESKTOP-T4CRESM" errors="0">
  <testcase name="testMethod2" time="66.807" classname="com.test.Testcase2"/>
</testsuite> <!-- com.test.Testcase2 -->
