<?xml version="1.0" encoding="UTF-8"?>
<!-- Generated by org.testng.reporters.JUnitReportReporter -->
<testsuite name="com.test.Testcase1" tests="1" time="33.781" ignored="0" failures="0" timestamp="28 Sep 2018 06:06:34 GMT" skipped="0" hostname="DESKTOP-T4CRESM" errors="0">
  <testcase name="loginPageTestMethod1" time="33.781" classname="com.test.Testcase1"/>
</testsuite> <!-- com.test.Testcase1 -->
